m:\master-upc\gl\debug\vc142.pdb
m:\master-upc\gl\debug\vc142.idb
m:\master-upc\gl\debug\circle2d.obj
m:\master-upc\gl\debug\circle.obj
m:\master-upc\gl\debug\capsule.obj
m:\master-upc\gl\debug\aabb.obj
m:\master-upc\gl\debug\sat.obj
m:\master-upc\gl\debug\lcg.obj
m:\master-upc\gl\debug\gjk2d.obj
m:\master-upc\gl\debug\gjk.obj
m:\master-upc\gl\debug\main.obj
m:\master-upc\gl\debug\log.obj
m:\master-upc\gl\debug\imgui_widgets.obj
m:\master-upc\gl\debug\imgui_impl_sdl.obj
m:\master-upc\gl\debug\imgui_impl_opengl3.obj
m:\master-upc\gl\debug\imgui_draw.obj
m:\master-upc\gl\debug\defaultimguiwindow.obj
m:\master-upc\gl\debug\consolewindow.obj
m:\master-upc\gl\debug\configurationwindow.obj
m:\master-upc\gl\debug\application.obj
m:\master-upc\gl\debug\float3x4.obj
m:\master-upc\gl\debug\float3x3.obj
m:\master-upc\gl\debug\float3.obj
m:\master-upc\gl\debug\float2.obj
m:\master-upc\gl\debug\callstack.obj
m:\master-upc\gl\debug\bitops.obj
m:\master-upc\gl\debug\trianglemesh.obj
m:\master-upc\gl\debug\triangle2d.obj
m:\master-upc\gl\debug\triangle.obj
m:\master-upc\gl\debug\sphere.obj
m:\master-upc\gl\debug\ray.obj
m:\master-upc\gl\debug\polyhedron.obj
m:\master-upc\gl\debug\polygon.obj
m:\master-upc\gl\debug\plane.obj
m:\master-upc\gl\debug\pbvolume.obj
m:\master-upc\gl\debug\obb.obj
m:\master-upc\gl\debug\linesegment2d.obj
m:\master-upc\gl\debug\linesegment.obj
m:\master-upc\gl\debug\line.obj
m:\master-upc\gl\debug\frustum.obj
m:\master-upc\gl\debug\moduletexture.obj
m:\master-upc\gl\debug\modulerender.obj
m:\master-upc\gl\debug\moduleinput.obj
m:\master-upc\gl\debug\moduleextriangle.obj
m:\master-upc\gl\debug\moduleeditor.obj
m:\master-upc\gl\debug\moduledebugdraw.obj
m:\master-upc\gl\debug\modulecamera.obj
m:\master-upc\gl\debug\clock.obj
m:\master-upc\gl\debug\transformops.obj
m:\master-upc\gl\debug\ssemath.obj
m:\master-upc\gl\debug\quat.obj
m:\master-upc\gl\debug\polynomial.obj
m:\master-upc\gl\debug\minifloat.obj
m:\master-upc\gl\debug\mathops.obj
m:\master-upc\gl\debug\mathlog.obj
m:\master-upc\gl\debug\mathfunc.obj
m:\master-upc\gl\debug\grisu3_cpp.obj
m:\master-upc\gl\debug\float4x4.obj
m:\master-upc\gl\debug\float4d.obj
m:\master-upc\gl\debug\float4.obj
m:\master-upc\gl\debug\program.obj
m:\master-upc\gl\debug\modulewindow.obj
m:\master-upc\gl\debug\imgui_demo.obj
m:\master-upc\gl\debug\imgui.obj
m:\master-upc\gl\debug\grisu3.obj
m:\master-upc\gl\debug\enginemaster.res
m:\master-upc\gl\debug\enginemaster.pdb
m:\master-upc\gl\debug\enginemaster.tlog\cl.command.1.tlog
m:\master-upc\gl\debug\enginemaster.tlog\cl.read.1.tlog
m:\master-upc\gl\debug\enginemaster.tlog\cl.write.1.tlog
m:\master-upc\gl\debug\enginemaster.tlog\link-cvtres.read.1.tlog
m:\master-upc\gl\debug\enginemaster.tlog\link-cvtres.write.1.tlog
m:\master-upc\gl\debug\enginemaster.tlog\link-rc.read.1.tlog
m:\master-upc\gl\debug\enginemaster.tlog\link-rc.write.1.tlog
m:\master-upc\gl\debug\enginemaster.tlog\link.command.1.tlog
m:\master-upc\gl\debug\enginemaster.tlog\link.read.1.tlog
m:\master-upc\gl\debug\enginemaster.tlog\link.write.1.tlog
m:\master-upc\gl\debug\enginemaster.tlog\rc.command.1.tlog
m:\master-upc\gl\debug\enginemaster.tlog\rc.read.1.tlog
m:\master-upc\gl\debug\enginemaster.tlog\rc.write.1.tlog
