  Application.cpp
M:\Master-UPC\Gl\ModuleRender.h(4,10): fatal error C1083: Cannot open include file: 'GL/glew.h': No such file or directory
  ConfigurationWindow.cpp
  ConsoleWindow.cpp
M:\Master-UPC\Gl\ConsoleWindow.cpp(114,32): warning C4018: '<': signed/unsigned mismatch
M:\Master-UPC\Gl\ConsoleWindow.cpp(127,21): warning C4996: 'strdup': The POSIX name for this item is deprecated. Instead, use the ISO C and C++ conformant name: _strdup. See online help for details.
  DefaultImGuiWindow.cpp
  imgui.cpp
  imgui_demo.cpp
  imgui_draw.cpp
  imgui_impl_opengl3.cpp
M:\Master-UPC\Gl\ImGU\imgui_impl_opengl3.h(82,1): fatal error C1189: #error:  "Cannot detect OpenGL loader!"
  imgui_impl_sdl.cpp
  imgui_widgets.cpp
  log.cpp
  Main.cpp
M:\Master-UPC\Gl\ModuleRender.h(4,10): fatal error C1083: Cannot open include file: 'GL/glew.h': No such file or directory
  GJK.cpp
M:\Master-UPC\Gl\MathGeoLib\Math\float4d.h(197,3): warning C4244: 'argument': conversion from 'const double' to 'float', possible loss of data
M:\Master-UPC\Gl\MathGeoLib\Math\float4d.h(198,10): warning C4244: 'argument': conversion from 'const double' to 'float', possible loss of data
M:\Master-UPC\Gl\MathGeoLib\Math\float4d.h(203,3): warning C4244: 'argument': conversion from 'const double' to 'float', possible loss of data
M:\Master-UPC\Gl\MathGeoLib\Math\float4d.h(204,10): warning C4244: 'argument': conversion from 'const double' to 'float', possible loss of data
  GJK2D.cpp
  LCG.cpp
  SAT.cpp
  AABB.cpp
M:\Master-UPC\Gl\MathGeoLib\Geometry\AABB.cpp(1207,2): warning C4996: 'sprintf': This function or variable may be unsafe. Consider using sprintf_s instead. To disable deprecation, use _CRT_SECURE_NO_WARNINGS. See online help for details.
  Capsule.cpp
M:\Master-UPC\Gl\MathGeoLib\Geometry\Capsule.cpp(457,2): warning C4996: 'sprintf': This function or variable may be unsafe. Consider using sprintf_s instead. To disable deprecation, use _CRT_SECURE_NO_WARNINGS. See online help for details.
M:\Master-UPC\Gl\MathGeoLib\Geometry\Capsule.cpp(479,2): warning C4996: 'sprintf': This function or variable may be unsafe. Consider using sprintf_s instead. To disable deprecation, use _CRT_SECURE_NO_WARNINGS. See online help for details.
  Circle.cpp
M:\Master-UPC\Gl\MathGeoLib\Geometry\Circle.cpp(257,2): warning C4996: 'sprintf': This function or variable may be unsafe. Consider using sprintf_s instead. To disable deprecation, use _CRT_SECURE_NO_WARNINGS. See online help for details.
  Circle2D.cpp
M:\Master-UPC\Gl\MathGeoLib\Geometry\Circle2D.cpp(292,2): warning C4996: 'sprintf': This function or variable may be unsafe. Consider using sprintf_s instead. To disable deprecation, use _CRT_SECURE_NO_WARNINGS. See online help for details.
  Compiling...
  Frustum.cpp
M:\Master-UPC\Gl\MathGeoLib\Geometry\Frustum.cpp(1117,2): warning C4996: 'sprintf': This function or variable may be unsafe. Consider using sprintf_s instead. To disable deprecation, use _CRT_SECURE_NO_WARNINGS. See online help for details.
  Line.cpp
M:\Master-UPC\Gl\MathGeoLib\Geometry\Line.cpp(363,2): warning C4996: 'sprintf': This function or variable may be unsafe. Consider using sprintf_s instead. To disable deprecation, use _CRT_SECURE_NO_WARNINGS. See online help for details.
  LineSegment.cpp
M:\Master-UPC\Gl\MathGeoLib\Math\float4d.h(197,3): warning C4244: 'argument': conversion from 'const double' to 'float', possible loss of data
M:\Master-UPC\Gl\MathGeoLib\Math\float4d.h(198,10): warning C4244: 'argument': conversion from 'const double' to 'float', possible loss of data
M:\Master-UPC\Gl\MathGeoLib\Math\float4d.h(203,3): warning C4244: 'argument': conversion from 'const double' to 'float', possible loss of data
M:\Master-UPC\Gl\MathGeoLib\Math\float4d.h(204,10): warning C4244: 'argument': conversion from 'const double' to 'float', possible loss of data
M:\Master-UPC\Gl\MathGeoLib\Geometry\LineSegment.cpp(459,2): warning C4996: 'sprintf': This function or variable may be unsafe. Consider using sprintf_s instead. To disable deprecation, use _CRT_SECURE_NO_WARNINGS. See online help for details.
  LineSegment2D.cpp
M:\Master-UPC\Gl\MathGeoLib\Geometry\AABB2D.h(135,3): warning C4996: 'sprintf': This function or variable may be unsafe. Consider using sprintf_s instead. To disable deprecation, use _CRT_SECURE_NO_WARNINGS. See online help for details.
M:\Master-UPC\Gl\MathGeoLib\Geometry\LineSegment2D.cpp(512,2): warning C4996: 'sprintf': This function or variable may be unsafe. Consider using sprintf_s instead. To disable deprecation, use _CRT_SECURE_NO_WARNINGS. See online help for details.
  OBB.cpp
M:\Master-UPC\Gl\MathGeoLib\Math\float4d.h(197,3): warning C4244: 'argument': conversion from 'const double' to 'float', possible loss of data
M:\Master-UPC\Gl\MathGeoLib\Math\float4d.h(198,10): warning C4244: 'argument': conversion from 'const double' to 'float', possible loss of data
M:\Master-UPC\Gl\MathGeoLib\Math\float4d.h(203,3): warning C4244: 'argument': conversion from 'const double' to 'float', possible loss of data
M:\Master-UPC\Gl\MathGeoLib\Math\float4d.h(204,10): warning C4244: 'argument': conversion from 'const double' to 'float', possible loss of data
M:\Master-UPC\Gl\MathGeoLib\Geometry\OBB.cpp(2810,2): warning C4996: 'sprintf': This function or variable may be unsafe. Consider using sprintf_s instead. To disable deprecation, use _CRT_SECURE_NO_WARNINGS. See online help for details.
  PBVolume.cpp
  Plane.cpp
M:\Master-UPC\Gl\MathGeoLib\Geometry\Plane.cpp(920,2): warning C4996: 'sprintf': This function or variable may be unsafe. Consider using sprintf_s instead. To disable deprecation, use _CRT_SECURE_NO_WARNINGS. See online help for details.
M:\Master-UPC\Gl\MathGeoLib\Geometry\Plane.cpp(939,2): warning C4996: 'sprintf': This function or variable may be unsafe. Consider using sprintf_s instead. To disable deprecation, use _CRT_SECURE_NO_WARNINGS. See online help for details.
  Polygon.cpp
  Polyhedron.cpp
M:\Master-UPC\Gl\MathGeoLib\Math\float4d.h(197,3): warning C4244: 'argument': conversion from 'const double' to 'float', possible loss of data
M:\Master-UPC\Gl\MathGeoLib\Math\float4d.h(198,10): warning C4244: 'argument': conversion from 'const double' to 'float', possible loss of data
M:\Master-UPC\Gl\MathGeoLib\Math\float4d.h(203,3): warning C4244: 'argument': conversion from 'const double' to 'float', possible loss of data
M:\Master-UPC\Gl\MathGeoLib\Math\float4d.h(204,10): warning C4244: 'argument': conversion from 'const double' to 'float', possible loss of data
  Ray.cpp
M:\Master-UPC\Gl\MathGeoLib\Geometry\Ray.cpp(368,2): warning C4996: 'sprintf': This function or variable may be unsafe. Consider using sprintf_s instead. To disable deprecation, use _CRT_SECURE_NO_WARNINGS. See online help for details.
  Sphere.cpp
M:\Master-UPC\Gl\MathGeoLib\Geometry\Sphere.cpp(1382,2): warning C4996: 'sprintf': This function or variable may be unsafe. Consider using sprintf_s instead. To disable deprecation, use _CRT_SECURE_NO_WARNINGS. See online help for details.
M:\Master-UPC\Gl\MathGeoLib\Geometry\Sphere.cpp(1402,2): warning C4996: 'sprintf': This function or variable may be unsafe. Consider using sprintf_s instead. To disable deprecation, use _CRT_SECURE_NO_WARNINGS. See online help for details.
  Triangle.cpp
M:\Master-UPC\Gl\MathGeoLib\Math\float4d.h(197,3): warning C4244: 'argument': conversion from 'const double' to 'float', possible loss of data
M:\Master-UPC\Gl\MathGeoLib\Math\float4d.h(198,10): warning C4244: 'argument': conversion from 'const double' to 'float', possible loss of data
M:\Master-UPC\Gl\MathGeoLib\Math\float4d.h(203,3): warning C4244: 'argument': conversion from 'const double' to 'float', possible loss of data
M:\Master-UPC\Gl\MathGeoLib\Math\float4d.h(204,10): warning C4244: 'argument': conversion from 'const double' to 'float', possible loss of data
M:\Master-UPC\Gl\MathGeoLib\Geometry\Triangle.cpp(1956,2): warning C4996: 'sprintf': This function or variable may be unsafe. Consider using sprintf_s instead. To disable deprecation, use _CRT_SECURE_NO_WARNINGS. See online help for details.
  Triangle2D.cpp
M:\Master-UPC\Gl\MathGeoLib\Geometry\AABB2D.h(135,3): warning C4996: 'sprintf': This function or variable may be unsafe. Consider using sprintf_s instead. To disable deprecation, use _CRT_SECURE_NO_WARNINGS. See online help for details.
M:\Master-UPC\Gl\MathGeoLib\Geometry\Triangle2D.cpp(1699,2): warning C4996: 'sprintf': This function or variable may be unsafe. Consider using sprintf_s instead. To disable deprecation, use _CRT_SECURE_NO_WARNINGS. See online help for details.
  TriangleMesh.cpp
  BitOps.cpp
  Callstack.cpp
  float2.cpp
M:\Master-UPC\Gl\MathGeoLib\Math\float2.cpp(219,2): warning C4996: 'sprintf': This function or variable may be unsafe. Consider using sprintf_s instead. To disable deprecation, use _CRT_SECURE_NO_WARNINGS. See online help for details.
  float3.cpp
M:\Master-UPC\Gl\MathGeoLib\Math\float3.cpp(216,2): warning C4996: 'sprintf': This function or variable may be unsafe. Consider using sprintf_s instead. To disable deprecation, use _CRT_SECURE_NO_WARNINGS. See online help for details.
  float3x3.cpp
M:\Master-UPC\Gl\MathGeoLib\Math\float3x3.cpp(1397,2): warning C4996: 'sprintf': This function or variable may be unsafe. Consider using sprintf_s instead. To disable deprecation, use _CRT_SECURE_NO_WARNINGS. See online help for details.
M:\Master-UPC\Gl\MathGeoLib\Math\float3x3.cpp(1425,2): warning C4996: 'sprintf': This function or variable may be unsafe. Consider using sprintf_s instead. To disable deprecation, use _CRT_SECURE_NO_WARNINGS. See online help for details.
  float3x4.cpp
M:\Master-UPC\Gl\MathGeoLib\Math\float3x4.cpp(1545,2): warning C4996: 'sprintf': This function or variable may be unsafe. Consider using sprintf_s instead. To disable deprecation, use _CRT_SECURE_NO_WARNINGS. See online help for details.
M:\Master-UPC\Gl\MathGeoLib\Math\float3x4.cpp(1576,2): warning C4996: 'sprintf': This function or variable may be unsafe. Consider using sprintf_s instead. To disable deprecation, use _CRT_SECURE_NO_WARNINGS. See online help for details.
  Compiling...
  float4.cpp
M:\Master-UPC\Gl\MathGeoLib\Math\float4.cpp(508,2): warning C4996: 'sprintf': This function or variable may be unsafe. Consider using sprintf_s instead. To disable deprecation, use _CRT_SECURE_NO_WARNINGS. See online help for details.
  float4d.cpp
M:\Master-UPC\Gl\MathGeoLib\Math\float4d.h(197,3): warning C4244: 'argument': conversion from 'const double' to 'float', possible loss of data
M:\Master-UPC\Gl\MathGeoLib\Math\float4d.h(198,10): warning C4244: 'argument': conversion from 'const double' to 'float', possible loss of data
M:\Master-UPC\Gl\MathGeoLib\Math\float4d.h(203,3): warning C4244: 'argument': conversion from 'const double' to 'float', possible loss of data
M:\Master-UPC\Gl\MathGeoLib\Math\float4d.h(204,10): warning C4244: 'argument': conversion from 'const double' to 'float', possible loss of data
M:\Master-UPC\Gl\MathGeoLib\Math\float4d.cpp(35,2): warning C4996: 'sprintf': This function or variable may be unsafe. Consider using sprintf_s instead. To disable deprecation, use _CRT_SECURE_NO_WARNINGS. See online help for details.
  float4x4.cpp
M:\Master-UPC\Gl\MathGeoLib\Math\float4x4.cpp(1998,2): warning C4996: 'sprintf': This function or variable may be unsafe. Consider using sprintf_s instead. To disable deprecation, use _CRT_SECURE_NO_WARNINGS. See online help for details.
M:\Master-UPC\Gl\MathGeoLib\Math\float4x4.cpp(2034,2): warning C4996: 'sprintf': This function or variable may be unsafe. Consider using sprintf_s instead. To disable deprecation, use _CRT_SECURE_NO_WARNINGS. See online help for details.
  grisu3_cpp.cpp
  MathFunc.cpp
M:\Master-UPC\Gl\MathGeoLib\Math\MathFunc.cpp(639,18): warning C4996: 'sprintf': This function or variable may be unsafe. Consider using sprintf_s instead. To disable deprecation, use _CRT_SECURE_NO_WARNINGS. See online help for details.
M:\Master-UPC\Gl\MathGeoLib\Math\MathFunc.cpp(656,11): warning C4996: 'sscanf': This function or variable may be unsafe. Consider using sscanf_s instead. To disable deprecation, use _CRT_SECURE_NO_WARNINGS. See online help for details.
  MathLog.cpp
  MathOps.cpp
  MiniFloat.cpp
  Polynomial.cpp
  Quat.cpp
M:\Master-UPC\Gl\MathGeoLib\Math\Quat.cpp(792,2): warning C4996: 'sprintf': This function or variable may be unsafe. Consider using sprintf_s instead. To disable deprecation, use _CRT_SECURE_NO_WARNINGS. See online help for details.
M:\Master-UPC\Gl\MathGeoLib\Math\Quat.cpp(802,2): warning C4996: 'sprintf': This function or variable may be unsafe. Consider using sprintf_s instead. To disable deprecation, use _CRT_SECURE_NO_WARNINGS. See online help for details.
  SSEMath.cpp
  TransformOps.cpp
M:\Master-UPC\Gl\MathGeoLib\Math\TransformOps.cpp(77,2): warning C4996: 'sprintf': This function or variable may be unsafe. Consider using sprintf_s instead. To disable deprecation, use _CRT_SECURE_NO_WARNINGS. See online help for details.
M:\Master-UPC\Gl\MathGeoLib\Math\TransformOps.cpp(293,2): warning C4996: 'sprintf': This function or variable may be unsafe. Consider using sprintf_s instead. To disable deprecation, use _CRT_SECURE_NO_WARNINGS. See online help for details.
  Clock.cpp
  ModuleCamera.cpp
M:\Master-UPC\Gl\ModuleCamera.cpp(7,10): fatal error C1083: Cannot open include file: 'GL/glew.h': No such file or directory
  ModuleModelo.cpp
M:\Master-UPC\Gl\SDL\include\assimp\defs.h(52,10): fatal error C1083: Cannot open include file: 'config.h': No such file or directory
  ModuleDebugDraw.cpp
M:\Master-UPC\Gl\ModuleDebugDraw.cpp(8,10): fatal error C1083: Cannot open include file: 'GL/glew.h': No such file or directory
  ModuleEditor.cpp
M:\Master-UPC\Gl\ModuleRender.h(4,10): fatal error C1083: Cannot open include file: 'GL/glew.h': No such file or directory
  ModuleExTriangle.cpp
M:\Master-UPC\Gl\ModuleExTriangle.h(4,10): fatal error C1083: Cannot open include file: 'GL/glew.h': No such file or directory
  ModuleInput.cpp
M:\Master-UPC\Gl\ModuleRender.h(4,10): fatal error C1083: Cannot open include file: 'GL/glew.h': No such file or directory
  ModuleMalla.cpp
M:\Master-UPC\Gl\SDL\include\assimp\defs.h(52,10): fatal error C1083: Cannot open include file: 'config.h': No such file or directory
  Compiling...
  ModuleRender.cpp
M:\Master-UPC\Gl\ModuleRender.h(4,10): fatal error C1083: Cannot open include file: 'GL/glew.h': No such file or directory
  ModuleTexture.cpp
M:\Master-UPC\Gl\ModuleTexture.h(4,10): fatal error C1083: Cannot open include file: 'GL/glew.h': No such file or directory
  ModuleWindow.cpp
  Program.cpp
M:\Master-UPC\Gl\Program.h(6,10): fatal error C1083: Cannot open include file: 'GL/glew.h': No such file or directory
